<?xml version="1.0" encoding="UTF-8"?>
<!-- Generated by org.testng.reporters.JUnitReportReporter -->
<testsuite hostname="venus-air.wifi.uc.edu" failures="0" tests="1" name="com.runner.Runner" time="18.081" errors="0" timestamp="2024-07-09T14:17:32 EDT" skipped="0">
  <testcase classname="com.runner.Runner" name="runScenario" time="18.081"/>
</testsuite> <!-- com.runner.Runner -->
